<?xml version="1.0" encoding="UTF-8"?>
<!-- Generated by org.testng.reporters.JUnitReportReporter -->
<testsuite skipped="0" hostname="DESKTOP-SQIIQB8" name="com.practice.HomeLoan" tests="1" failures="0" timestamp="03 May 2020 12:54:23 GMT" time="0.003" errors="0">
  <testcase name="webLogin" time="0.003" classname="com.practice.HomeLoan"/>
</testsuite> <!-- com.practice.HomeLoan -->
