<?xml version="1.0" encoding="UTF-8"?>
<!-- Generated by org.testng.reporters.JUnitReportReporter -->
<testsuite skipped="0" hostname="DESKTOP-SQIIQB8" name="com.practice.DemoA" tests="1" failures="0" timestamp="01 May 2020 14:45:28 GMT" time="0.002" errors="0">
  <testcase name="demo" time="0.002" classname="com.practice.DemoA"/>
</testsuite> <!-- com.practice.DemoA -->
