<?xml version="1.0" encoding="UTF-8"?>
<!-- Generated by org.testng.reporters.JUnitReportReporter -->
<testsuite skipped="0" hostname="DESKTOP-SQIIQB8" name="com.practice.Demo" tests="2" failures="0" timestamp="01 May 2020 14:45:28 GMT" time="0.017" errors="0">
  <testcase name="B" time="0.002" classname="com.practice.Demo"/>
  <testcase name="A" time="0.015" classname="com.practice.Demo"/>
</testsuite> <!-- com.practice.Demo -->
