<?xml version="1.0" encoding="UTF-8"?>
<!-- Generated by org.testng.reporters.JUnitReportReporter -->
<testsuite skipped="0" hostname="DESKTOP-SQIIQB8" name="com.practice.DataProvider_Practice" tests="3" failures="0" timestamp="03 May 2020 12:33:32 GMT" time="0.006" errors="0">
  <testcase name="login" time="0.002" classname="com.practice.DataProvider_Practice"/>
  <testcase name="login" time="0.003" classname="com.practice.DataProvider_Practice"/>
  <testcase name="login" time="0.001" classname="com.practice.DataProvider_Practice"/>
</testsuite> <!-- com.practice.DataProvider_Practice -->
